
2022-05-17 17:13:07,870	INFO	thisismyusrnamemitbfe@gmail.com	获得了 446MB 流量.
2022-05-17 17:13:09,265	INFO	t.hisismyusrnamemitbfe@gmail.com	获得了 407MB 流量.
2022-05-17 17:13:10,651	INFO	th.isismyusrnamemitbfe@gmail.com	获得了 332MB 流量.
2022-05-17 17:13:12,040	INFO	thi.sismyusrnamemitbfe@gmail.com	获得了 415MB 流量.
2022-05-17 17:13:13,427	INFO	this.ismyusrnamemitbfe@gmail.com	获得了 479MB 流量.
2022-05-17 17:13:14,810	INFO	thisi.smyusrnamemitbfe@gmail.com	获得了 318MB 流量.
2022-05-17 17:13:16,196	INFO	thisis.myusrnamemitbfe@gmail.com	获得了 346MB 流量.
2022-05-17 17:13:17,533	INFO	thisism.yusrnamemitbfe@gmail.com	获得了 411MB 流量.
2022-05-17 17:13:18,875	INFO	thisismy.usrnamemitbfe@gmail.com	获得了 386MB 流量.
2022-05-17 17:13:20,220	INFO	thisismyu.srnamemitbfe@gmail.com	获得了 430MB 流量.
2022-05-17 17:13:21,552	INFO	thisismyus.rnamemitbfe@gmail.com	获得了 314MB 流量.
2022-05-17 17:13:22,891	INFO	thisismyusr.namemitbfe@gmail.com	获得了 364MB 流量.
2022-05-18 17:13:07,698	INFO	thisismyusrnamemitbfe@gmail.com	获得了 446MB 流量.
2022-05-18 17:13:09,171	INFO	t.hisismyusrnamemitbfe@gmail.com	获得了 450MB 流量.
2022-05-18 17:13:10,588	INFO	th.isismyusrnamemitbfe@gmail.com	获得了 366MB 流量.
2022-05-18 17:13:11,999	INFO	thi.sismyusrnamemitbfe@gmail.com	获得了 377MB 流量.
2022-05-18 17:13:13,425	INFO	this.ismyusrnamemitbfe@gmail.com	获得了 426MB 流量.
2022-05-18 17:13:14,824	INFO	thisi.smyusrnamemitbfe@gmail.com	获得了 483MB 流量.
2022-05-18 17:13:16,275	INFO	thisis.myusrnamemitbfe@gmail.com	获得了 312MB 流量.
2022-05-18 17:13:17,688	INFO	thisism.yusrnamemitbfe@gmail.com	获得了 441MB 流量.
2022-05-18 17:13:19,113	INFO	thisismy.usrnamemitbfe@gmail.com	获得了 448MB 流量.
2022-05-18 17:13:20,533	INFO	thisismyu.srnamemitbfe@gmail.com	获得了 463MB 流量.
2022-05-18 17:13:22,000	INFO	thisismyus.rnamemitbfe@gmail.com	获得了 382MB 流量.
2022-05-18 17:13:23,467	INFO	thisismyusr.namemitbfe@gmail.com	获得了 416MB 流量.
